*** Using Compiler 'V5.06 update 7 (build 960)', folder: 'D:\Keil_v5\ARM\ARMCC\Bin'
Build target 'Balanced_Infantry'
assembling startup_stm32f407xx.s...
compiling i2c.c...
compiling stm32f4xx_it.c...
compiling bsp_delay.c...
compiling gpio.c...
compiling stm32f4xx_hal_msp.c...
compiling can.c...
compiling tim.c...
compiling bsp_imu_pwm.c...
compiling dma.c...
compiling bsp_led.c...
compiling system_stm32f4xx.c...
compiling spi.c...
compiling bsp_can.c...
compiling main.c...
compiling ist8310driver.c...
compiling LQR.c...
compiling bsp_spi.c...
compiling user_lib.c...
compiling stm32f4xx_hal_can.c...
compiling protect.c...
compiling ist8310driver_middleware.c...
compiling pm01_api.c...
..\application\pm01_api.c(147): warning:  #177-D: variable "i"  was declared but never referenced
   	static uint16_t  i = 0;
..\application\pm01_api.c: 1 warning, 0 errors
compiling AHRS_middleware.c...
compiling stm32f4xx_hal_rcc_ex.c...
compiling BMI088driver.c...
compiling BMI088Middleware.c...
compiling stm32f4xx_hal_flash_ex.c...
compiling chassis_tast.c...
compiling CAN_receive.c...
compiling pid.c...
compiling stm32f4xx_hal_flash.c...
compiling INS_task.c...
compiling stm32f4xx_hal_rcc.c...
compiling stm32f4xx_hal_flash_ramfunc.c...
compiling stm32f4xx_hal_dma.c...
compiling stm32f4xx_hal_exti.c...
compiling stm32f4xx_hal_i2c.c...
compiling stm32f4xx_hal.c...
compiling stm32f4xx_hal_i2c_ex.c...
compiling stm32f4xx_hal_pwr_ex.c...
compiling stm32f4xx_hal_cortex.c...
compiling stm32f4xx_hal_dma_ex.c...
compiling stm32f4xx_hal_gpio.c...
compiling stm32f4xx_hal_spi.c...
compiling stm32f4xx_hal_tim_ex.c...
compiling stm32f4xx_hal_pwr.c...
compiling stm32f4xx_hal_tim.c...
linking...
Program Size: Code=44960 RO-data=2608 RW-data=180 ZI-data=18076  
FromELF: creating hex file...
".\Balanced_Infantry\Balanced_Infantry.axf" - 0 Error(s), 1 Warning(s).
Build Time Elapsed:  00:00:21
